Removed Pin From Net: NetName=PC9 Pin=P1-3
Removed Pin From Net: NetName=PA8 Pin=P1-4
Change Component Footprint: Designator=P1 Old Footprint=HDR1X4 New Footprint=8pin-2.54
Change Component Comment : Designator=P1 Old Comment=SGP-30 New Comment=CCS811
Change component parameters: Designator = "P1"; Footprint = "8pin-2.54"; UniqueID = "\YAUVKVLY"
Change component parameters. Clean all parameters for all variants
Added Component: Designator=C38(0603P)
Add component. Clean all parameters for all variants
Added Component: Designator=C39(0603P)
Add component. Clean all parameters for all variants
Added Component: Designator=TFTLCD(DB2*17-3.5)
Add component. Clean all parameters for all variants
Added Pin To Net: NetName=VCC3.3 Pin=C38-1
Added Pin To Net: NetName=GND Pin=C38-2
Added Pin To Net: NetName=VCC5 Pin=C39-1
Added Pin To Net: NetName=GND Pin=C39-2
Added Pin To Net: NetName=PA8 Pin=P1-3
Added Pin To Net: NetName=PC9 Pin=P1-4
Added Pin To Net: NetName=PC8 Pin=P1-5
Added Pin To Net: NetName=FSMC_A6 Pin=TFTLCD-2
Added Pin To Net: NetName=FSMC_NWE Pin=TFTLCD-3
Added Pin To Net: NetName=FSMC_NOE Pin=TFTLCD-4
Added Pin To Net: NetName=RESET Pin=TFTLCD-5
Added Pin To Net: NetName=FSMC_D0 Pin=TFTLCD-6
Added Pin To Net: NetName=FSMC_D1 Pin=TFTLCD-7
Added Pin To Net: NetName=FSMC_D2 Pin=TFTLCD-8
Added Pin To Net: NetName=FSMC_D4 Pin=TFTLCD-10
Added Pin To Net: NetName=FSMC_D5 Pin=TFTLCD-11
Added Pin To Net: NetName=FSMC_D6 Pin=TFTLCD-12
Added Pin To Net: NetName=FSMC_D7 Pin=TFTLCD-13
Added Pin To Net: NetName=FSMC_D8 Pin=TFTLCD-14
Added Pin To Net: NetName=FSMC_D9 Pin=TFTLCD-15
Added Pin To Net: NetName=FSMC_D10 Pin=TFTLCD-16
Added Pin To Net: NetName=FSMC_D11 Pin=TFTLCD-17
Added Pin To Net: NetName=FSMC_D12 Pin=TFTLCD-18
Added Pin To Net: NetName=FSMC_D13 Pin=TFTLCD-19
Added Pin To Net: NetName=FSMC_D14 Pin=TFTLCD-20
Added Pin To Net: NetName=FSMC_D15 Pin=TFTLCD-21
Added Pin To Net: NetName=GND Pin=TFTLCD-22
Added Pin To Net: NetName=VCC3.3 Pin=TFTLCD-24
Added Pin To Net: NetName=VCC3.3 Pin=TFTLCD-25
Added Pin To Net: NetName=GND Pin=TFTLCD-26
Added Pin To Net: NetName=GND Pin=TFTLCD-27
Added Pin To Net: NetName=VCC5 Pin=TFTLCD-28
Added Pin To Net: NetName=PF11 Pin=TFTLCD-30
Added Pin To Net: NetName=FSMC_D3 Pin=TFTLCD-9
Added Net: Name=FSMC_D3
Added Pin To Net: NetName=FSMC_NE4 Pin=TFTLCD-1
Added Net: Name=FSMC_NE4
Added Pin To Net: NetName=LCD_BL Pin=TFTLCD-23
Added Net: Name=LCD_BL
Added Pin To Net: NetName=T_CS Pin=TFTLCD-33
Added Net: Name=T_CS
Added Pin To Net: NetName=T_MISO Pin=TFTLCD-29
Added Net: Name=T_MISO
Added Pin To Net: NetName=T_PEN Pin=TFTLCD-31
Added Net: Name=T_PEN
Added Pin To Net: NetName=T_SCK Pin=TFTLCD-34
Added Net: Name=T_SCK
Added Class: Name=LCD
Added Member To Class: ClassName=6 AXIS SENSOR Member=Component  U6   WIRELESS
Added Room: Name=6 AXIS SENSOR
Added Room: Name=EnvControl
Added Room: Name=I_O
Added Room: Name=LCD
Added Room: Name=main
Added Room: Name=Others
Added Room: Name=Sensor
Added Room: Name=Sheet1
Added Room: Name=USB USART&USB POWER
