Change Component Footprint: Designator=R1 Old Footprint=Red-可调电阻 New Footprint=VR4-可变电阻
Change Component Footprint: Designator=R3 Old Footprint=Red-可调电阻 New Footprint=VR4-可变电阻
Change Component Footprint: Designator=R17 Old Footprint=Red-可调电阻 New Footprint=VR4-可变电阻
Added Component: Designator=C8(普通电容)
Add component. Clean all parameters for all variants
Added Component: Designator=C11(普通电容)
Add component. Clean all parameters for all variants
Added Component: Designator=C12(普通电容)
Add component. Clean all parameters for all variants
Added Component: Designator=C14(普通电容)
Add component. Clean all parameters for all variants
Added Component: Designator=C16(普通电容)
Add component. Clean all parameters for all variants
Added Component: Designator=C18(普通电容)
Add component. Clean all parameters for all variants
Added Pin To Net: NetName=GND Pin=C8-1
Added Pin To Net: NetName=VCC5 Pin=C8-2
Added Pin To Net: NetName=GND Pin=C11-1
Added Pin To Net: NetName=VCC5 Pin=C11-2
Added Pin To Net: NetName=GND Pin=C12-1
Added Pin To Net: NetName=VCC5 Pin=C12-2
Added Pin To Net: NetName=GND Pin=C14-1
Added Pin To Net: NetName=VCC5 Pin=C14-2
Added Pin To Net: NetName=GND Pin=C16-1
Added Pin To Net: NetName=VCC5 Pin=C16-2
Added Pin To Net: NetName=GND Pin=C18-1
Added Pin To Net: NetName=VCC5 Pin=C18-2
Added Member To Class: ClassName=control1 Member=Component C8 104
Added Member To Class: ClassName=control1 Member=Component C9 104
Added Member To Class: ClassName=control1 Member=Component C11 104
Added Member To Class: ClassName=control1 Member=Component C12 104
Added Member To Class: ClassName=control1 Member=Component C14 104
Added Member To Class: ClassName=control1 Member=Component C16 104
Added Member To Class: ClassName=control1 Member=Component C18 104
Added Room: Name=control1
