Added Component: Designator=C13(普通电容)
Add component. Clean all parameters for all variants
Added Component: Designator=C14(普通电容)
Add component. Clean all parameters for all variants
Added Component: Designator=C15(普通电容)
Add component. Clean all parameters for all variants
Added Component: Designator=C16(普通电容)
Add component. Clean all parameters for all variants
Added Component: Designator=C17(普通电容)
Add component. Clean all parameters for all variants
Added Component: Designator=C18(普通电容)
Add component. Clean all parameters for all variants
Added Component: Designator=H7(Header-3)
Add component. Clean all parameters for all variants
Added Component: Designator=H8(Header-3)
Add component. Clean all parameters for all variants
Added Component: Designator=H9(Header-3)
Add component. Clean all parameters for all variants
Added Component: Designator=H10(Header-3)
Add component. Clean all parameters for all variants
Added Component: Designator=H11(Header-3)
Add component. Clean all parameters for all variants
Added Component: Designator=H12(Header-3)
Add component. Clean all parameters for all variants
Added Component: Designator=R11(普通电阻)
Add component. Clean all parameters for all variants
Added Component: Designator=R12(普通电阻)
Add component. Clean all parameters for all variants
Added Component: Designator=R13(普通电阻)
Add component. Clean all parameters for all variants
Added Component: Designator=R14(普通电阻)
Add component. Clean all parameters for all variants
Added Component: Designator=R15(普通电阻)
Add component. Clean all parameters for all variants
Added Component: Designator=R16(普通电阻)
Add component. Clean all parameters for all variants
Added Pin To Net: NetName=GND Pin=C13-1
Added Pin To Net: NetName=+12 Pin=C13-2
Added Pin To Net: NetName=GND Pin=C14-1
Added Pin To Net: NetName=VCC5 Pin=C14-2
Added Pin To Net: NetName=GND Pin=C15-1
Added Pin To Net: NetName=+12 Pin=C15-2
Added Pin To Net: NetName=GND Pin=C16-1
Added Pin To Net: NetName=VCC5 Pin=C16-2
Added Pin To Net: NetName=GND Pin=C17-1
Added Pin To Net: NetName=+12 Pin=C17-2
Added Pin To Net: NetName=GND Pin=C18-1
Added Pin To Net: NetName=VCC5 Pin=C18-2
Added Pin To Net: NetName=+12 Pin=H7-1
Added Pin To Net: NetName=GND Pin=H7-3
Added Pin To Net: NetName=VCC5 Pin=H8-1
Added Pin To Net: NetName=GND Pin=H8-2
Added Pin To Net: NetName=接控制信号1 Pin=H8-3
Added Pin To Net: NetName=+12 Pin=H9-1
Added Pin To Net: NetName=GND Pin=H9-3
Added Pin To Net: NetName=VCC5 Pin=H10-1
Added Pin To Net: NetName=GND Pin=H10-2
Added Pin To Net: NetName=接控制信号2 Pin=H10-3
Added Pin To Net: NetName=+12 Pin=H11-1
Added Pin To Net: NetName=GND Pin=H11-3
Added Pin To Net: NetName=VCC5 Pin=H12-1
Added Pin To Net: NetName=GND Pin=H12-2
Added Pin To Net: NetName=接控制信号3 Pin=H12-3
Added Pin To Net: NetName=GND Pin=R11-1
Added Pin To Net: NetName=+12 Pin=R11-2
Added Pin To Net: NetName=GND Pin=R12-1
Added Pin To Net: NetName=VCC5 Pin=R12-2
Added Pin To Net: NetName=GND Pin=R13-1
Added Pin To Net: NetName=+12 Pin=R13-2
Added Pin To Net: NetName=GND Pin=R14-1
Added Pin To Net: NetName=VCC5 Pin=R14-2
Added Pin To Net: NetName=GND Pin=R15-1
Added Pin To Net: NetName=+12 Pin=R15-2
Added Pin To Net: NetName=GND Pin=R16-1
Added Pin To Net: NetName=VCC5 Pin=R16-2
Added Member To Class: ClassName=control1 Member=Component C13 104
Added Member To Class: ClassName=control1 Member=Component C14 104
Added Member To Class: ClassName=control1 Member=Component C15 104
Added Member To Class: ClassName=control1 Member=Component C16 104
Added Member To Class: ClassName=control1 Member=Component C17 104
Added Member To Class: ClassName=control1 Member=Component C18 104
Added Member To Class: ClassName=control1 Member=Component H7 Header 3
Added Member To Class: ClassName=control1 Member=Component H8 Header 3
Added Member To Class: ClassName=control1 Member=Component H9 Header 3
Added Member To Class: ClassName=control1 Member=Component H10 Header 3
Added Member To Class: ClassName=control1 Member=Component H11 Header 3
Added Member To Class: ClassName=control1 Member=Component H12 Header 3
Added Member To Class: ClassName=control1 Member=Component R11 10K
Added Member To Class: ClassName=control1 Member=Component R12 10K
Added Member To Class: ClassName=control1 Member=Component R13 10K
Added Member To Class: ClassName=control1 Member=Component R14 10K
Added Member To Class: ClassName=control1 Member=Component R15 10K
Added Member To Class: ClassName=control1 Member=Component R16 10K
Added Room: Name=control1
