Removed Pin From Net: NetName=+12 Pin=C15-2
Removed Pin From Net: NetName=NetC17_2 Pin=C17-1
Removed Pin From Net: NetName=+12 Pin=H9-1
Removed Pin From Net: NetName=+12 Pin=R13-2
Added Component: Designator=R3(Red-可调电阻)
Add component. Clean all parameters for all variants
Add component (AddParameter): Name = ""; Value = ""; VariantName = "[No Variations]"
Added Component: Designator=R4(普通电阻)
Add component. Clean all parameters for all variants
Added Pin To Net: NetName=GND Pin=C17-1
Added Pin To Net: NetName=GND Pin=R3-1
Added Pin To Net: NetName=+12 Pin=R4-2
Added Pin To Net: NetName=NetC15_2 Pin=C15-2
Added Pin To Net: NetName=NetC15_2 Pin=H9-1
Added Pin To Net: NetName=NetC15_2 Pin=R3-2
Added Pin To Net: NetName=NetC15_2 Pin=R3-3
Added Pin To Net: NetName=NetC15_2 Pin=R4-1
Added Pin To Net: NetName=NetC15_2 Pin=R13-2
Added Net: Name=NetC15_2
Added Member To Class: ClassName=control1 Member=Component R3 104
Added Member To Class: ClassName=control1 Member=Component R4 1K
Added Room: Name=control1
